z:\agabt077\desktop\github c++ project\csi2372-project\project\project\debug\vc141.pdb
z:\agabt077\desktop\github c++ project\csi2372-project\project\project\debug\vc141.idb
z:\agabt077\desktop\github c++ project\csi2372-project\project\project\debug\dice.obj
z:\agabt077\desktop\github c++ project\csi2372-project\project\project\debug\gameloop.obj
z:\agabt077\desktop\github c++ project\csi2372-project\project\project\debug\player.obj
z:\agabt077\desktop\github c++ project\csi2372-project\project\project\debug\qwintoplayer.obj
z:\agabt077\desktop\github c++ project\csi2372-project\project\project\debug\qwintorow.obj
z:\agabt077\desktop\github c++ project\csi2372-project\project\project\debug\qwintoscoresheet.obj
z:\agabt077\desktop\github c++ project\csi2372-project\project\project\debug\qwixxplayer.obj
z:\agabt077\desktop\github c++ project\csi2372-project\project\project\debug\qwixxrow.obj
z:\agabt077\desktop\github c++ project\csi2372-project\project\project\debug\qwixxscoresheet.obj
z:\agabt077\desktop\github c++ project\csi2372-project\project\project\debug\randomdice.obj
z:\agabt077\desktop\github c++ project\csi2372-project\project\project\debug\rollofdice.obj
z:\agabt077\desktop\github c++ project\csi2372-project\project\project\debug\scoresheet.obj
z:\agabt077\desktop\github c++ project\csi2372-project\project\debug\project.ilk
z:\agabt077\desktop\github c++ project\csi2372-project\project\debug\project.exe
z:\agabt077\desktop\github c++ project\csi2372-project\project\debug\project.pdb
z:\agabt077\desktop\github c++ project\csi2372-project\project\project\debug\project.tlog\cl.command.1.tlog
z:\agabt077\desktop\github c++ project\csi2372-project\project\project\debug\project.tlog\cl.read.1.tlog
z:\agabt077\desktop\github c++ project\csi2372-project\project\project\debug\project.tlog\cl.write.1.tlog
z:\agabt077\desktop\github c++ project\csi2372-project\project\project\debug\project.tlog\link.command.1.tlog
z:\agabt077\desktop\github c++ project\csi2372-project\project\project\debug\project.tlog\link.read.1.tlog
z:\agabt077\desktop\github c++ project\csi2372-project\project\project\debug\project.tlog\link.write.1.tlog
